<?xml version="1.0" encoding="UTF-8"?>
<testsuite name="org.hyperledger.fabric.samples.assettransfer.AssetTransferTest" tests="3" skipped="0" failures="0" errors="0" timestamp="2025-08-25T13:26:17" hostname="CORSAIR" time="1.233">
  <properties/>
  <testcase name="invokeGetAllAssetsTransaction()" classname="org.hyperledger.fabric.samples.assettransfer.AssetTransferTest" time="1.201"/>
  <testcase name="invokeInitLedgerTransaction()" classname="org.hyperledger.fabric.samples.assettransfer.AssetTransferTest" time="0.02"/>
  <testcase name="invokeUnknownTransaction()" classname="org.hyperledger.fabric.samples.assettransfer.AssetTransferTest" time="0.009"/>
  <system-out><![CDATA[Asset@9c1e0536 [assetID=asset1, color=blue, size=5, owner=Tomoko, appraisedValue=300]
Asset@4a127ad2 [assetID=asset2, color=red, size=5, owner=Brad, appraisedValue=400]
Asset@162fb7b [assetID=asset3, color=green, size=10, owner=Jin Soo, appraisedValue=500]
Asset@9e24840d [assetID=asset4, color=yellow, size=10, owner=Max, appraisedValue=600]
Asset@5e2fad89 [assetID=asset5, color=black, size=15, owner=Adrian, appraisedValue=700]
Asset@a1305d03 [assetID=asset6, color=white, size=15, owner=Michel, appraisedValue=800]
]]></system-out>
  <system-err><![CDATA[WARNING: A Java agent has been loaded dynamically (/home/anis/.gradle/caches/modules-2/files-2.1/net.bytebuddy/byte-buddy-agent/1.14.15/b4cc9d88d5de562bf75b3a54ab436ad01b3f72d/byte-buddy-agent-1.14.15.jar)
WARNING: If a serviceability tool is in use, please run with -XX:+EnableDynamicAgentLoading to hide this warning
WARNING: If a serviceability tool is not in use, please run with -Djdk.instrument.traceUsage for more information
WARNING: Dynamic loading of agents will be disallowed by default in a future release
]]></system-err>
</testsuite>
